Using pre-set license
Built from '2020.3/staging' branch; Version is '2020.3.17f1 (a4537701e4ab) revision 10769271'; Using compiler version '192528614'; Build Type 'Release'
OS: 'Windows 10 Home; OS build 19042.1415; Version 2009; 64bit' Language: 'en' Physical Memory: 16198 MB
BatchMode: 1, IsHumanControllingUs: 0, StartBugReporterOnCrash: 0, Is64bit: 1, IsPro: 0

COMMAND LINE ARGUMENTS:
C:\Program Files\Unity\Hub\Editor\2020.3.17f1\Editor\Unity.exe
-adb2
-batchMode
-noUpm
-name
AssetImportWorker0
-projectPath
Z:/MoBeer Games/2D Platform/Knightpath
-logFile
Logs/AssetImportWorker0.log
-srvPort
51954
Successfully changed project path to: Z:/MoBeer Games/2D Platform/Knightpath
Z:/MoBeer Games/2D Platform/Knightpath
Using Asset Import Pipeline V2.
Refreshing native plugins compatible for Editor in 63.25 ms, found 3 plugins.
Preloading 0 native plugins for Editor in 0.00 ms.
Initialize engine version: 2020.3.17f1 (a4537701e4ab)
[Subsystems] Discovering subsystems at path C:/Program Files/Unity/Hub/Editor/2020.3.17f1/Editor/Data/Resources/UnitySubsystems
[Subsystems] Discovering subsystems at path Z:/MoBeer Games/2D Platform/Knightpath/Assets
GfxDevice: creating device client; threaded=0
Direct3D:
    Version:  Direct3D 11.0 [level 11.1]
    Renderer: NVIDIA GeForce GTX 970 (ID=0x13c2)
    Vendor:   
    VRAM:     4043 MB
    Driver:   30.0.14.9676
Initialize mono
Mono path[0] = 'C:/Program Files/Unity/Hub/Editor/2020.3.17f1/Editor/Data/Managed'
Mono path[1] = 'C:/Program Files/Unity/Hub/Editor/2020.3.17f1/Editor/Data/MonoBleedingEdge/lib/mono/unityjit'
Mono config path = 'C:/Program Files/Unity/Hub/Editor/2020.3.17f1/Editor/Data/MonoBleedingEdge/etc'
Using monoOptions --debugger-agent=transport=dt_socket,embedding=1,server=y,suspend=n,address=127.0.0.1:56100
Begin MonoManager ReloadAssembly
Registering precompiled unity dll's ...
Register platform support module: C:/Program Files/Unity/Hub/Editor/2020.3.17f1/Editor/Data/PlaybackEngines/WindowsStandaloneSupport/UnityEditor.WindowsStandalone.Extensions.dll
Registered in 0.002804 seconds.
Native extension for WindowsStandalone target not found
Refreshing native plugins compatible for Editor in 52.18 ms, found 3 plugins.
Preloading 0 native plugins for Editor in 0.00 ms.
Unable to find bridge dll in registry for Microsoft Visual Studio Tools for Unity for C:\Program Files (x86)\Microsoft Visual Studio\2019\Community\Common7\IDE\devenv.exe
Mono: successfully reloaded assembly
- Completed reload, in  2.286 seconds
Domain Reload Profiling:
	ReloadAssembly (2287ms)
		BeginReloadAssembly (62ms)
			ExecutionOrderSort (0ms)
			DisableScriptedObjects (0ms)
			BackupInstance (0ms)
			ReleaseScriptingObjects (0ms)
			CreateAndSetChildDomain (1ms)
		EndReloadAssembly (447ms)
			LoadAssemblies (58ms)
			RebuildTransferFunctionScriptingTraits (0ms)
			SetupTypeCache (158ms)
			ReleaseScriptCaches (0ms)
			RebuildScriptCaches (30ms)
			SetupLoadedEditorAssemblies (177ms)
				LogAssemblyErrors (0ms)
				InitializePlatformSupportModulesInManaged (4ms)
				SetLoadedEditorAssemblies (0ms)
				RefreshPlugins (52ms)
				BeforeProcessingInitializeOnLoad (13ms)
				ProcessInitializeOnLoadAttributes (78ms)
				ProcessInitializeOnLoadMethodAttributes (29ms)
				AfterProcessingInitializeOnLoad (0ms)
				EditorAssembliesLoaded (0ms)
			ExecutionOrderSort2 (0ms)
			AwakeInstancesAfterBackupRestoration (0ms)
Platform modules already initialized, skipping
Registering precompiled user dll's ...
Registered in 0.005508 seconds.
Begin MonoManager ReloadAssembly
Native extension for WindowsStandalone target not found
Refreshing native plugins compatible for Editor in 49.22 ms, found 3 plugins.
Preloading 0 native plugins for Editor in 0.00 ms.
Mono: successfully reloaded assembly
- Completed reload, in  1.291 seconds
Domain Reload Profiling:
	ReloadAssembly (1292ms)
		BeginReloadAssembly (154ms)
			ExecutionOrderSort (0ms)
			DisableScriptedObjects (4ms)
			BackupInstance (0ms)
			ReleaseScriptingObjects (0ms)
			CreateAndSetChildDomain (21ms)
		EndReloadAssembly (1073ms)
			LoadAssemblies (113ms)
			RebuildTransferFunctionScriptingTraits (0ms)
			SetupTypeCache (310ms)
			ReleaseScriptCaches (1ms)
			RebuildScriptCaches (53ms)
			SetupLoadedEditorAssemblies (480ms)
				LogAssemblyErrors (0ms)
				InitializePlatformSupportModulesInManaged (4ms)
				SetLoadedEditorAssemblies (0ms)
				RefreshPlugins (49ms)
				BeforeProcessingInitializeOnLoad (90ms)
				ProcessInitializeOnLoadAttributes (313ms)
				ProcessInitializeOnLoadMethodAttributes (13ms)
				AfterProcessingInitializeOnLoad (10ms)
				EditorAssembliesLoaded (0ms)
			ExecutionOrderSort2 (0ms)
			AwakeInstancesAfterBackupRestoration (6ms)
Platform modules already initialized, skipping
========================================================================
Worker process is ready to serve import requests
Launched and connected shader compiler UnityShaderCompiler.exe after 0.16 seconds
Refreshing native plugins compatible for Editor in 0.74 ms, found 3 plugins.
Preloading 0 native plugins for Editor in 0.00 ms.
Unloading 2565 Unused Serialized files (Serialized files now loaded: 0)
System memory in use before: 109.0 MB.
System memory in use after: 109.2 MB.

Unloading 65 unused Assets to reduce memory usage. Loaded Objects now: 2966.
Total: 3.999800 ms (FindLiveObjects: 0.368300 ms CreateObjectMapping: 0.325400 ms MarkObjects: 3.224900 ms  DeleteObjects: 0.080200 ms)

AssetImportParameters requested are different than current active one (requested -> active):
  custom:framework-win-MediaFoundation: 216162199b28c13a410421893ffa2e32 -> 
  custom:video-decoder-ogg-theora: a1e56fd34408186e4bbccfd4996cb3dc -> 
  custom:container-muxer-webm: aa71ff27fc2769a1b78a27578f13a17b -> 
  custom:container-demuxer-webm: 4f35f7cbe854078d1ac9338744f61a02 -> 
  custom:container-demuxer-ogg: 62fdf1f143b41e24485cea50d1cbac27 -> 
  custom:video-encoder-webm-vp8: eb34c28f22e8b96e1ab97ce403110664 -> 
  custom:video-decoder-webm-vp8: 9c59270c3fd7afecdb556c50c9e8de78 -> 
  custom:audio-decoder-ogg-vorbis: bf7c407c2cedff20999df2af8eb42d56 -> 
  custom:audio-encoder-webm-vorbis: bf7c407c2cedff20999df2af8eb42d56 -> 
========================================================================
Received Import Request.
  path: Assets/Scenes/Level 1.unity
  artifactKey: Guid(2cda990e2423bbf4892e6590ba056729) Importer(815301076,1909f56bfc062723c751e8b465ee728b)
Start importing Assets/Scenes/Level 1.unity using Guid(2cda990e2423bbf4892e6590ba056729) Importer(815301076,1909f56bfc062723c751e8b465ee728b)  -> (artifact id: '8e157c990175ffb7c39bddac342e7eae') in 0.020560 seconds 
  Import took 0.026064 seconds .

========================================================================
Received Import Request.
  Time since last request: 58.274035 seconds.
  path: Assets/Scenes
  artifactKey: Guid(bbbc74fad6ed1d243aee6102298f428b) Importer(815301076,1909f56bfc062723c751e8b465ee728b)
Start importing Assets/Scenes using Guid(bbbc74fad6ed1d243aee6102298f428b) Importer(815301076,1909f56bfc062723c751e8b465ee728b)  -> (artifact id: 'e2f5d9c482259fc97b3f344a61ab00ed') in 0.011405 seconds 
  Import took 0.016765 seconds .

========================================================================
Received Import Request.
  Time since last request: 8.462585 seconds.
  path: Assets/Scenes/New Scene.unity
  artifactKey: Guid(1c3a151134df4cc4aa038cf544c61d59) Importer(815301076,1909f56bfc062723c751e8b465ee728b)
Start importing Assets/Scenes/New Scene.unity using Guid(1c3a151134df4cc4aa038cf544c61d59) Importer(815301076,1909f56bfc062723c751e8b465ee728b)  -> (artifact id: '012e96bbd22d6b0e0133773820db8e42') in 0.014355 seconds 
  Import took 0.019735 seconds .

========================================================================
Received Import Request.
  Time since last request: 21.172142 seconds.
  path: Assets/Scenes/New Scene 2.unity
  artifactKey: Guid(63524d2280d1ebb488d85c4f3cdedd3b) Importer(815301076,1909f56bfc062723c751e8b465ee728b)
Start importing Assets/Scenes/New Scene 2.unity using Guid(63524d2280d1ebb488d85c4f3cdedd3b) Importer(815301076,1909f56bfc062723c751e8b465ee728b)  -> (artifact id: '60fa10bdceb41cdc21c4fa5f26a9aa02') in 0.010156 seconds 
  Import took 0.013982 seconds .

========================================================================
Received Import Request.
  Time since last request: 4.148173 seconds.
  path: Assets/Scenes/New Scene 3.unity
  artifactKey: Guid(099b027c48496394bb834a8341b57abc) Importer(815301076,1909f56bfc062723c751e8b465ee728b)
Start importing Assets/Scenes/New Scene 3.unity using Guid(099b027c48496394bb834a8341b57abc) Importer(815301076,1909f56bfc062723c751e8b465ee728b)  -> (artifact id: 'd2b7f1c48dc141e51ac62ecbaf1bb64f') in 0.010417 seconds 
  Import took 0.014920 seconds .

========================================================================
Received Import Request.
  Time since last request: 5.595772 seconds.
  path: Assets/Scenes/New Scene 4.unity
  artifactKey: Guid(87464ce3b3481964ea8b5f1708105ccc) Importer(815301076,1909f56bfc062723c751e8b465ee728b)
Start importing Assets/Scenes/New Scene 4.unity using Guid(87464ce3b3481964ea8b5f1708105ccc) Importer(815301076,1909f56bfc062723c751e8b465ee728b)  -> (artifact id: '2ac921d598fc6cddb562800f412232f2') in 0.010104 seconds 
  Import took 0.013948 seconds .

========================================================================
Received Import Request.
  Time since last request: 6.083034 seconds.
  path: Assets/Scenes/New Scene 5.unity
  artifactKey: Guid(44ad565e93e36134cb435225f32e485d) Importer(815301076,1909f56bfc062723c751e8b465ee728b)
Start importing Assets/Scenes/New Scene 5.unity using Guid(44ad565e93e36134cb435225f32e485d) Importer(815301076,1909f56bfc062723c751e8b465ee728b)  -> (artifact id: 'c93a4b5191af35edc092057e403c4ac8') in 0.007134 seconds 
  Import took 0.011945 seconds .

========================================================================
Received Import Request.
  Time since last request: 4.626583 seconds.
  path: Assets/Scenes/New Scene 6.unity
  artifactKey: Guid(c136cefb513bfe84dac1951794f04aa1) Importer(815301076,1909f56bfc062723c751e8b465ee728b)
Start importing Assets/Scenes/New Scene 6.unity using Guid(c136cefb513bfe84dac1951794f04aa1) Importer(815301076,1909f56bfc062723c751e8b465ee728b)  -> (artifact id: '108cb195468cb40bb95c031ab1766f96') in 0.006153 seconds 
  Import took 0.010417 seconds .

========================================================================
Received Import Request.
  Time since last request: 0.000542 seconds.
  path: Assets/Scenes/New Scene 6.unity
  artifactKey: Guid(c136cefb513bfe84dac1951794f04aa1) Importer(815301076,1909f56bfc062723c751e8b465ee728b)
Start importing Assets/Scenes/New Scene 6.unity using Guid(c136cefb513bfe84dac1951794f04aa1) Importer(815301076,1909f56bfc062723c751e8b465ee728b)  -> (artifact id: '108cb195468cb40bb95c031ab1766f96') in 0.002137 seconds 
  Import took 0.005758 seconds .

========================================================================
Received Import Request.
  Time since last request: 4.863893 seconds.
  path: Assets/Scenes/New Scene 7.unity
  artifactKey: Guid(b9df3b9ac906cf6488512aca29641123) Importer(815301076,1909f56bfc062723c751e8b465ee728b)
Start importing Assets/Scenes/New Scene 7.unity using Guid(b9df3b9ac906cf6488512aca29641123) Importer(815301076,1909f56bfc062723c751e8b465ee728b)  -> (artifact id: '4457e43010f1c6532baa0db5a53c4ae0') in 0.011270 seconds 
  Import took 0.019135 seconds .

========================================================================
Received Import Request.
  Time since last request: 0.001294 seconds.
  path: Assets/Scenes/New Scene 7.unity
  artifactKey: Guid(b9df3b9ac906cf6488512aca29641123) Importer(815301076,1909f56bfc062723c751e8b465ee728b)
Start importing Assets/Scenes/New Scene 7.unity using Guid(b9df3b9ac906cf6488512aca29641123) Importer(815301076,1909f56bfc062723c751e8b465ee728b)  -> (artifact id: '4457e43010f1c6532baa0db5a53c4ae0') in 0.002958 seconds 
  Import took 0.010531 seconds .

========================================================================
Received Import Request.
  Time since last request: 28.202462 seconds.
  path: Assets/Scenes/Menu.unity
  artifactKey: Guid(74605b89d7179f84bb4a9a0f2b3cc532) Importer(815301076,1909f56bfc062723c751e8b465ee728b)
Start importing Assets/Scenes/Menu.unity using Guid(74605b89d7179f84bb4a9a0f2b3cc532) Importer(815301076,1909f56bfc062723c751e8b465ee728b)  -> (artifact id: 'b2288c76cbf452a62592ffa42d30bf17') in 0.006454 seconds 
  Import took 0.010808 seconds .

========================================================================
Received Import Request.
  Time since last request: 9.796517 seconds.
  path: Assets/Scenes/_Menu.unity
  artifactKey: Guid(74605b89d7179f84bb4a9a0f2b3cc532) Importer(815301076,1909f56bfc062723c751e8b465ee728b)
Start importing Assets/Scenes/_Menu.unity using Guid(74605b89d7179f84bb4a9a0f2b3cc532) Importer(815301076,1909f56bfc062723c751e8b465ee728b)  -> (artifact id: '7d052ef0522466dc237deaf4acbdc0b4') in 0.006454 seconds 
  Import took 0.010565 seconds .

========================================================================
Received Import Request.
  Time since last request: 2.531151 seconds.
  path: Assets/Scenes/New Scene 1.unity
  artifactKey: Guid(b9586e2671f988d4bbb584d0acdfe383) Importer(815301076,1909f56bfc062723c751e8b465ee728b)
Start importing Assets/Scenes/New Scene 1.unity using Guid(b9586e2671f988d4bbb584d0acdfe383) Importer(815301076,1909f56bfc062723c751e8b465ee728b)  -> (artifact id: '9058f775fbe05216cdedf6f05edd9442') in 0.009293 seconds 
  Import took 0.013912 seconds .

========================================================================
Received Import Request.
  Time since last request: 3.900679 seconds.
  path: Assets/Scenes/Level 2.unity
  artifactKey: Guid(b9586e2671f988d4bbb584d0acdfe383) Importer(815301076,1909f56bfc062723c751e8b465ee728b)
Start importing Assets/Scenes/Level 2.unity using Guid(b9586e2671f988d4bbb584d0acdfe383) Importer(815301076,1909f56bfc062723c751e8b465ee728b)  -> (artifact id: 'c93d848a7fc5049d75484fa7051f5e7f') in 0.005954 seconds 
  Import took 0.010488 seconds .

========================================================================
Received Import Request.
  Time since last request: 7.262914 seconds.
  path: Assets/Scenes/Level 3.unity
  artifactKey: Guid(63524d2280d1ebb488d85c4f3cdedd3b) Importer(815301076,1909f56bfc062723c751e8b465ee728b)
Start importing Assets/Scenes/Level 3.unity using Guid(63524d2280d1ebb488d85c4f3cdedd3b) Importer(815301076,1909f56bfc062723c751e8b465ee728b)  -> (artifact id: '79744ee76a733ccf9db610ebdcb5cbf8') in 0.005906 seconds 
  Import took 0.009735 seconds .

========================================================================
Received Import Request.
  Time since last request: 6.142758 seconds.
  path: Assets/Scenes/Level 4.unity
  artifactKey: Guid(099b027c48496394bb834a8341b57abc) Importer(815301076,1909f56bfc062723c751e8b465ee728b)
Start importing Assets/Scenes/Level 4.unity using Guid(099b027c48496394bb834a8341b57abc) Importer(815301076,1909f56bfc062723c751e8b465ee728b)  -> (artifact id: '1dcb4e3a42891ac2f7af2b2a0e118bf1') in 0.006291 seconds 
  Import took 0.010203 seconds .

========================================================================
Received Import Request.
  Time since last request: 5.371066 seconds.
  path: Assets/Scenes/Level 5.unity
  artifactKey: Guid(87464ce3b3481964ea8b5f1708105ccc) Importer(815301076,1909f56bfc062723c751e8b465ee728b)
Start importing Assets/Scenes/Level 5.unity using Guid(87464ce3b3481964ea8b5f1708105ccc) Importer(815301076,1909f56bfc062723c751e8b465ee728b)  -> (artifact id: '63f64326e89e8b212bc0b9ff704dc2a8') in 0.006873 seconds 
  Import took 0.010715 seconds .

========================================================================
Received Import Request.
  Time since last request: 5.272569 seconds.
  path: Assets/Scenes/Level 6.unity
  artifactKey: Guid(44ad565e93e36134cb435225f32e485d) Importer(815301076,1909f56bfc062723c751e8b465ee728b)
Start importing Assets/Scenes/Level 6.unity using Guid(44ad565e93e36134cb435225f32e485d) Importer(815301076,1909f56bfc062723c751e8b465ee728b)  -> (artifact id: '101a0fd413a2112ff2c64542b5c0d3d5') in 0.006699 seconds 
  Import took 0.010957 seconds .

========================================================================
Received Import Request.
  Time since last request: 5.930598 seconds.
  path: Assets/Scenes/Level 7.unity
  artifactKey: Guid(c136cefb513bfe84dac1951794f04aa1) Importer(815301076,1909f56bfc062723c751e8b465ee728b)
Start importing Assets/Scenes/Level 7.unity using Guid(c136cefb513bfe84dac1951794f04aa1) Importer(815301076,1909f56bfc062723c751e8b465ee728b)  -> (artifact id: '8b42deec44dd065f8f2cd2bec2062b1d') in 0.006423 seconds 
  Import took 0.010759 seconds .

========================================================================
Received Import Request.
  Time since last request: 5.863058 seconds.
  path: Assets/Scenes/Level 8.unity
  artifactKey: Guid(b9df3b9ac906cf6488512aca29641123) Importer(815301076,1909f56bfc062723c751e8b465ee728b)
Start importing Assets/Scenes/Level 8.unity using Guid(b9df3b9ac906cf6488512aca29641123) Importer(815301076,1909f56bfc062723c751e8b465ee728b)  -> (artifact id: '6de41acd50c3227e43c34adbcc98eaee') in 0.006229 seconds 
  Import took 0.010562 seconds .

========================================================================
Received Import Request.
  Time since last request: 5.712492 seconds.
  path: Assets/Scenes/Level 9.unity
  artifactKey: Guid(1c3a151134df4cc4aa038cf544c61d59) Importer(815301076,1909f56bfc062723c751e8b465ee728b)
Start importing Assets/Scenes/Level 9.unity using Guid(1c3a151134df4cc4aa038cf544c61d59) Importer(815301076,1909f56bfc062723c751e8b465ee728b)  -> (artifact id: '3ef3b915bd98f97fe5641aed5b1c6b01') in 0.006119 seconds 
  Import took 0.010160 seconds .

========================================================================
Received Import Request.
  Time since last request: 10.798499 seconds.
  path: Assets/Scenes/Level 10.unity
  artifactKey: Guid(08a07296891548a459a596479229e786) Importer(815301076,1909f56bfc062723c751e8b465ee728b)
Start importing Assets/Scenes/Level 10.unity using Guid(08a07296891548a459a596479229e786) Importer(815301076,1909f56bfc062723c751e8b465ee728b)  -> (artifact id: '535dc7e4880782a49933dcc203ddfcdb') in 0.006377 seconds 
  Import took 0.010334 seconds .

========================================================================
Received Import Request.
  Time since last request: 493.949740 seconds.
  path: Assets/TextMesh Pro/Examples & Extras/Resources/Fonts & Materials/Anton SDF - Drop Shadow.mat
  artifactKey: Guid(749b9069dc4742c5bfa5c74644049926) Importer(815301076,1909f56bfc062723c751e8b465ee728b)
Start importing Assets/TextMesh Pro/Examples & Extras/Resources/Fonts & Materials/Anton SDF - Drop Shadow.mat using Guid(749b9069dc4742c5bfa5c74644049926) Importer(815301076,1909f56bfc062723c751e8b465ee728b)  -> (artifact id: '9b9a6dbab25d6543dfee2789e8fae952') in 0.148047 seconds 
  Import took 0.152494 seconds .

========================================================================
Received Import Request.
  Time since last request: 0.000174 seconds.
  path: Assets/TextMesh Pro/Examples & Extras/Resources/Fonts & Materials/Anton SDF.asset
  artifactKey: Guid(8a89fa14b10d46a99122fd4f73fca9a2) Importer(815301076,1909f56bfc062723c751e8b465ee728b)
Start importing Assets/TextMesh Pro/Examples & Extras/Resources/Fonts & Materials/Anton SDF.asset using Guid(8a89fa14b10d46a99122fd4f73fca9a2) Importer(815301076,1909f56bfc062723c751e8b465ee728b)  -> (artifact id: '33b29e2b9a60a2b673b71e86bc7f3a07') in 0.046474 seconds 
  Import took 0.050751 seconds .

========================================================================
Received Import Request.
  Time since last request: 0.000189 seconds.
  path: Assets/TextMesh Pro/Examples & Extras/Resources/Fonts & Materials/Bangers SDF - Outline.mat
  artifactKey: Guid(f629c6e43dba4bf38cb74d8860150664) Importer(815301076,1909f56bfc062723c751e8b465ee728b)
Start importing Assets/TextMesh Pro/Examples & Extras/Resources/Fonts & Materials/Bangers SDF - Outline.mat using Guid(f629c6e43dba4bf38cb74d8860150664) Importer(815301076,1909f56bfc062723c751e8b465ee728b)  -> (artifact id: 'f18b71994742d88d97c1c2a21580d2d7') in 0.054559 seconds 
  Import took 0.058607 seconds .

========================================================================
Received Import Request.
  Time since last request: 0.000192 seconds.
  path: Assets/TextMesh Pro/Examples & Extras/Resources/Fonts & Materials/Anton SDF - Sunny Days.mat
  artifactKey: Guid(6522f30e342599e4e9dd4cc2cc03c830) Importer(815301076,1909f56bfc062723c751e8b465ee728b)
Start importing Assets/TextMesh Pro/Examples & Extras/Resources/Fonts & Materials/Anton SDF - Sunny Days.mat using Guid(6522f30e342599e4e9dd4cc2cc03c830) Importer(815301076,1909f56bfc062723c751e8b465ee728b)  -> (artifact id: '3ab2dc3a4077b37fe1bf25fc2e34219a') in 0.103639 seconds 
  Import took 0.107441 seconds .

========================================================================
Received Import Request.
  Time since last request: 0.000168 seconds.
  path: Assets/TextMesh Pro/Examples & Extras/Resources/Fonts & Materials/Bangers SDF - Drop Shadow.mat
  artifactKey: Guid(f2dcf029949142e28b974630369c8b4e) Importer(815301076,1909f56bfc062723c751e8b465ee728b)
Start importing Assets/TextMesh Pro/Examples & Extras/Resources/Fonts & Materials/Bangers SDF - Drop Shadow.mat using Guid(f2dcf029949142e28b974630369c8b4e) Importer(815301076,1909f56bfc062723c751e8b465ee728b)  -> (artifact id: 'a0d5558f03e795f216f7f29785091b5c') in 0.013046 seconds 
  Import took 0.016981 seconds .

========================================================================
Received Import Request.
  Time since last request: 0.000178 seconds.
  path: Assets/TextMesh Pro/Examples & Extras/Resources/Fonts & Materials/Bangers SDF Glow.mat
  artifactKey: Guid(d75b8f41e959450c84ac6e967084d3e1) Importer(815301076,1909f56bfc062723c751e8b465ee728b)
Start importing Assets/TextMesh Pro/Examples & Extras/Resources/Fonts & Materials/Bangers SDF Glow.mat using Guid(d75b8f41e959450c84ac6e967084d3e1) Importer(815301076,1909f56bfc062723c751e8b465ee728b)  -> (artifact id: 'b0993877c1c0e22b53a69262c6ee2775') in 0.204031 seconds 
  Import took 0.207793 seconds .

========================================================================
Received Import Request.
  Time since last request: 0.000181 seconds.
  path: Assets/TextMesh Pro/Examples & Extras/Resources/Fonts & Materials/Anton SDF - Outline.mat
  artifactKey: Guid(a00013af81304728b2be1f4309ee2433) Importer(815301076,1909f56bfc062723c751e8b465ee728b)
Start importing Assets/TextMesh Pro/Examples & Extras/Resources/Fonts & Materials/Anton SDF - Outline.mat using Guid(a00013af81304728b2be1f4309ee2433) Importer(815301076,1909f56bfc062723c751e8b465ee728b)  -> (artifact id: '2507f20aeeae8d98f86e4c2025440d37') in 0.013962 seconds 
  Import took 0.017323 seconds .

========================================================================
Received Import Request.
  Time since last request: 0.000179 seconds.
  path: Assets/TextMesh Pro/Examples & Extras/Resources/Fonts & Materials/Bangers SDF Logo.mat
  artifactKey: Guid(f4e195ac1e204eff960149d1cb34e18c) Importer(815301076,1909f56bfc062723c751e8b465ee728b)
Start importing Assets/TextMesh Pro/Examples & Extras/Resources/Fonts & Materials/Bangers SDF Logo.mat using Guid(f4e195ac1e204eff960149d1cb34e18c) Importer(815301076,1909f56bfc062723c751e8b465ee728b)  -> (artifact id: '53a5ca144293083340976837f0521db0') in 0.269695 seconds 
  Import took 0.273549 seconds .

========================================================================
Received Prepare
Registering precompiled user dll's ...
Registered in 0.005206 seconds.
Begin MonoManager ReloadAssembly
Native extension for WindowsStandalone target not found
Refreshing native plugins compatible for Editor in 0.83 ms, found 3 plugins.
Preloading 0 native plugins for Editor in 0.00 ms.
Mono: successfully reloaded assembly
- Completed reload, in  1.116 seconds
Domain Reload Profiling:
	ReloadAssembly (1116ms)
		BeginReloadAssembly (118ms)
			ExecutionOrderSort (0ms)
			DisableScriptedObjects (5ms)
			BackupInstance (0ms)
			ReleaseScriptingObjects (0ms)
			CreateAndSetChildDomain (38ms)
		EndReloadAssembly (934ms)
			LoadAssemblies (102ms)
			RebuildTransferFunctionScriptingTraits (0ms)
			SetupTypeCache (287ms)
			ReleaseScriptCaches (1ms)
			RebuildScriptCaches (41ms)
			SetupLoadedEditorAssemblies (395ms)
				LogAssemblyErrors (0ms)
				InitializePlatformSupportModulesInManaged (4ms)
				SetLoadedEditorAssemblies (0ms)
				RefreshPlugins (1ms)
				BeforeProcessingInitializeOnLoad (85ms)
				ProcessInitializeOnLoadAttributes (290ms)
				ProcessInitializeOnLoadMethodAttributes (5ms)
				AfterProcessingInitializeOnLoad (9ms)
				EditorAssembliesLoaded (0ms)
			ExecutionOrderSort2 (0ms)
			AwakeInstancesAfterBackupRestoration (10ms)
Platform modules already initialized, skipping
Switching build target platform(19) subTarget(0) extendedPlatform(0) -> platform(13) subTarget(537395200) extendedPlatform(0)
Refreshing native plugins compatible for Editor in 0.79 ms, found 3 plugins.
Preloading 0 native plugins for Editor in 0.00 ms.
Unloading 2544 Unused Serialized files (Serialized files now loaded: 0)
System memory in use before: 110.4 MB.
System memory in use after: 110.6 MB.

Unloading 53 unused Assets to reduce memory usage. Loaded Objects now: 3013.
Total: 4.311400 ms (FindLiveObjects: 0.351900 ms CreateObjectMapping: 0.249400 ms MarkObjects: 3.673900 ms  DeleteObjects: 0.035200 ms)

AssetImportParameters requested are different than current active one (requested -> active):
  custom:framework-win-MediaFoundation: 216162199b28c13a410421893ffa2e32 -> 
  custom:video-decoder-ogg-theora: a1e56fd34408186e4bbccfd4996cb3dc -> 
  custom:container-muxer-webm: aa71ff27fc2769a1b78a27578f13a17b -> 
  custom:container-demuxer-webm: 4f35f7cbe854078d1ac9338744f61a02 -> 
  custom:container-demuxer-ogg: 62fdf1f143b41e24485cea50d1cbac27 -> 
  custom:video-encoder-webm-vp8: eb34c28f22e8b96e1ab97ce403110664 -> 
  custom:video-decoder-webm-vp8: 9c59270c3fd7afecdb556c50c9e8de78 -> 
  custom:graphics/normal-map-encoding: 01000000000000000000000000000000 -> 02000000000000000000000000000000
  custom:audio-decoder-ogg-vorbis: bf7c407c2cedff20999df2af8eb42d56 -> 
  custom:audio-encoder-webm-vorbis: bf7c407c2cedff20999df2af8eb42d56 -> 
========================================================================
Received Import Request.
  Time since last request: 63.890492 seconds.
  path: Assets/Scenes/NewBehaviourScript.cs
  artifactKey: Guid(3d8d0fb19e26478499ef8f9076020245) Importer(815301076,1909f56bfc062723c751e8b465ee728b)
Start importing Assets/Scenes/NewBehaviourScript.cs using Guid(3d8d0fb19e26478499ef8f9076020245) Importer(815301076,1909f56bfc062723c751e8b465ee728b)  -> (artifact id: '816f16fea0c9d101b98fa0fe03a29ad8') in 0.012671 seconds 
  Import took 0.017066 seconds .

========================================================================
Received Prepare
Registering precompiled user dll's ...
Registered in 0.005264 seconds.
Begin MonoManager ReloadAssembly
Native extension for WindowsStandalone target not found
Refreshing native plugins compatible for Editor in 0.77 ms, found 3 plugins.
Preloading 0 native plugins for Editor in 0.00 ms.
Mono: successfully reloaded assembly
- Completed reload, in  1.127 seconds
Domain Reload Profiling:
	ReloadAssembly (1127ms)
		BeginReloadAssembly (124ms)
			ExecutionOrderSort (0ms)
			DisableScriptedObjects (5ms)
			BackupInstance (0ms)
			ReleaseScriptingObjects (0ms)
			CreateAndSetChildDomain (41ms)
		EndReloadAssembly (941ms)
			LoadAssemblies (102ms)
			RebuildTransferFunctionScriptingTraits (0ms)
			SetupTypeCache (279ms)
			ReleaseScriptCaches (1ms)
			RebuildScriptCaches (53ms)
			SetupLoadedEditorAssemblies (392ms)
				LogAssemblyErrors (0ms)
				InitializePlatformSupportModulesInManaged (4ms)
				SetLoadedEditorAssemblies (0ms)
				RefreshPlugins (1ms)
				BeforeProcessingInitializeOnLoad (82ms)
				ProcessInitializeOnLoadAttributes (289ms)
				ProcessInitializeOnLoadMethodAttributes (5ms)
				AfterProcessingInitializeOnLoad (9ms)
				EditorAssembliesLoaded (0ms)
			ExecutionOrderSort2 (0ms)
			AwakeInstancesAfterBackupRestoration (10ms)
Platform modules already initialized, skipping
Switching build target platform(19) subTarget(0) extendedPlatform(0) -> platform(13) subTarget(537395200) extendedPlatform(0)
Refreshing native plugins compatible for Editor in 0.78 ms, found 3 plugins.
Preloading 0 native plugins for Editor in 0.00 ms.
Unloading 2543 Unused Serialized files (Serialized files now loaded: 0)
System memory in use before: 110.4 MB.
System memory in use after: 110.7 MB.

Unloading 54 unused Assets to reduce memory usage. Loaded Objects now: 3015.
Total: 4.221400 ms (FindLiveObjects: 0.377200 ms CreateObjectMapping: 0.291900 ms MarkObjects: 3.520500 ms  DeleteObjects: 0.030700 ms)

AssetImportParameters requested are different than current active one (requested -> active):
  custom:framework-win-MediaFoundation: 216162199b28c13a410421893ffa2e32 -> 
  custom:video-decoder-ogg-theora: a1e56fd34408186e4bbccfd4996cb3dc -> 
  custom:container-muxer-webm: aa71ff27fc2769a1b78a27578f13a17b -> 
  custom:container-demuxer-webm: 4f35f7cbe854078d1ac9338744f61a02 -> 
  custom:container-demuxer-ogg: 62fdf1f143b41e24485cea50d1cbac27 -> 
  custom:video-encoder-webm-vp8: eb34c28f22e8b96e1ab97ce403110664 -> 
  custom:video-decoder-webm-vp8: 9c59270c3fd7afecdb556c50c9e8de78 -> 
  custom:graphics/normal-map-encoding: 01000000000000000000000000000000 -> 02000000000000000000000000000000
  custom:audio-decoder-ogg-vorbis: bf7c407c2cedff20999df2af8eb42d56 -> 
  custom:audio-encoder-webm-vorbis: bf7c407c2cedff20999df2af8eb42d56 -> 
========================================================================
Received Import Request.
  Time since last request: 10.508493 seconds.
  path: Assets/Scenes/New Folder
  artifactKey: Guid(22eeb140aa0b041468b4cd0510e7f314) Importer(815301076,1909f56bfc062723c751e8b465ee728b)
Start importing Assets/Scenes/New Folder using Guid(22eeb140aa0b041468b4cd0510e7f314) Importer(815301076,1909f56bfc062723c751e8b465ee728b)  -> (artifact id: 'fc18a01dfe59b7a8633a6328ebfede6e') in 0.009560 seconds 
  Import took 0.013589 seconds .

========================================================================
Received Import Request.
  Time since last request: 17.540736 seconds.
  path: Assets/Scenes/_MenuLevelSelect.unity
  artifactKey: Guid(2fbde0209043d7b49bf53bd9e418eed3) Importer(815301076,1909f56bfc062723c751e8b465ee728b)
Start importing Assets/Scenes/_MenuLevelSelect.unity using Guid(2fbde0209043d7b49bf53bd9e418eed3) Importer(815301076,1909f56bfc062723c751e8b465ee728b)  -> (artifact id: 'ec6800647317667b0a1fe850c3fe7f84') in 0.013897 seconds 
  Import took 0.018753 seconds .

========================================================================
Received Import Request.
  Time since last request: 160.803359 seconds.
  path: Assets/Images/gamegig.png
  artifactKey: Guid(3b00abb04e170ab4991fd828f7b25a39) Importer(815301076,1909f56bfc062723c751e8b465ee728b)
Start importing Assets/Images/gamegig.png using Guid(3b00abb04e170ab4991fd828f7b25a39) Importer(815301076,1909f56bfc062723c751e8b465ee728b)  -> (artifact id: '10e373daee23c1e69012e0508bea9a02') in 0.071038 seconds 
  Import took 0.075809 seconds .

========================================================================
Received Import Request.
  Time since last request: 1030.415104 seconds.
  path: Assets/Images/Buttons/Bar_001.png
  artifactKey: Guid(c2eccb51e02b90b43a138d495163fb02) Importer(815301076,1909f56bfc062723c751e8b465ee728b)
Start importing Assets/Images/Buttons/Bar_001.png using Guid(c2eccb51e02b90b43a138d495163fb02) Importer(815301076,1909f56bfc062723c751e8b465ee728b)  -> (artifact id: '9bb72bc72afccc0468391ab8f59564fd') in 0.016978 seconds 
  Import took 0.021738 seconds .

========================================================================
Received Import Request.
  Time since last request: 44.710795 seconds.
  path: Packages/com.unity.2d.spriteshape/Editor/ObjectMenuCreation/DefaultAssets/Sprite Shapes/Closed Sprite Shape.prefab
  artifactKey: Guid(c0583b4e855c74b8c82e7b9b5efb5ce9) Importer(815301076,1909f56bfc062723c751e8b465ee728b)
Start importing Packages/com.unity.2d.spriteshape/Editor/ObjectMenuCreation/DefaultAssets/Sprite Shapes/Closed Sprite Shape.prefab using Guid(c0583b4e855c74b8c82e7b9b5efb5ce9) Importer(815301076,1909f56bfc062723c751e8b465ee728b)  -> (artifact id: 'c5c845828cede3f25819031102be01e1') in 0.058962 seconds 
  Import took 0.063119 seconds .

========================================================================
Received Import Request.
  Time since last request: 0.000222 seconds.
  path: Assets/TextMesh Pro/Examples & Extras/Prefabs/TextMeshPro - Prefab 2.prefab
  artifactKey: Guid(fdad9d952ae84cafb74c63f2e694d042) Importer(815301076,1909f56bfc062723c751e8b465ee728b)
Start importing Assets/TextMesh Pro/Examples & Extras/Prefabs/TextMeshPro - Prefab 2.prefab using Guid(fdad9d952ae84cafb74c63f2e694d042) Importer(815301076,1909f56bfc062723c751e8b465ee728b)  -> (artifact id: '228d50e0314dbfce03e5f9f5aa384fa3') in 0.057221 seconds 
  Import took 0.061221 seconds .

========================================================================
Received Import Request.
  Time since last request: 0.000185 seconds.
  path: Packages/com.unity.2d.spriteshape/Editor/ObjectMenuCreation/DefaultAssets/Sprite Shapes/Open Sprite Shape.prefab
  artifactKey: Guid(86ae7de409eb54f619fb1328e4d42480) Importer(815301076,1909f56bfc062723c751e8b465ee728b)
Start importing Packages/com.unity.2d.spriteshape/Editor/ObjectMenuCreation/DefaultAssets/Sprite Shapes/Open Sprite Shape.prefab using Guid(86ae7de409eb54f619fb1328e4d42480) Importer(815301076,1909f56bfc062723c751e8b465ee728b)  -> (artifact id: '1cd094d74455b6e3ebbdb90683f10d20') in 0.013629 seconds 
  Import took 0.017719 seconds .

========================================================================
Received Import Request.
  Time since last request: 0.000235 seconds.
  path: Assets/TextMesh Pro/Examples & Extras/Prefabs/Text Popup.prefab
  artifactKey: Guid(b06f0e6c1dfa4356ac918da1bb32c603) Importer(815301076,1909f56bfc062723c751e8b465ee728b)
Start importing Assets/TextMesh Pro/Examples & Extras/Prefabs/Text Popup.prefab using Guid(b06f0e6c1dfa4356ac918da1bb32c603) Importer(815301076,1909f56bfc062723c751e8b465ee728b)  -> (artifact id: 'f342987b4ac67915496b52096cb6a516') in 0.039395 seconds 
  Import took 0.044192 seconds .

========================================================================
Received Import Request.
  Time since last request: 0.000201 seconds.
  path: Assets/TextMesh Pro/Examples & Extras/Prefabs/TextMeshPro - Prefab 1.prefab
  artifactKey: Guid(a6e39ced0ea046bcb636c3f0b2e2a745) Importer(815301076,1909f56bfc062723c751e8b465ee728b)
Start importing Assets/TextMesh Pro/Examples & Extras/Prefabs/TextMeshPro - Prefab 1.prefab using Guid(a6e39ced0ea046bcb636c3f0b2e2a745) Importer(815301076,1909f56bfc062723c751e8b465ee728b)  -> (artifact id: 'c46506bddbead1890eb2080ed64ce5b4') in 0.030174 seconds 
  Import took 0.034250 seconds .

AssetImportWorkerClient::OnTransportError - code=2 error=End of file
